<?xml version="1.0" encoding="UTF-8"?>
<!-- Generated by org.testng.reporters.JUnitReportReporter -->
<testsuite skipped="0" hostname="AKASH-PC" name="com.selenium.test.functional.HomePageUC" tests="1" failures="0" timestamp="23 Jul 2017 04:15:48 GMT" time="1.259" errors="0">
  <testcase name="HomePageTC_001" time="1.259" classname="com.selenium.test.functional.HomePageUC"/>
</testsuite> <!-- com.selenium.test.functional.HomePageUC -->
