<?xml version="1.0" encoding="UTF-8"?>
<!-- Generated by org.testng.reporters.JUnitReportReporter -->
<testsuite skipped="2" hostname="DT-AKASHM" name="com.selenium.test.functional.DatePickerUC" tests="5" failures="0" timestamp="01 Sep 2017 08:47:00 GMT" time="8.464" errors="0">
  <testcase name="TC_002" time="0.237" classname="com.selenium.test.functional.DatePickerUC"/>
  <testcase name="TC_003" time="0.195" classname="com.selenium.test.functional.DatePickerUC"/>
  <testcase name="TC_004" time="8.032" classname="com.selenium.test.functional.DatePickerUC"/>
  <testcase name="TC_001" classname="com.selenium.test.functional.DatePickerUC">
    <skipped/>
  </testcase> <!-- TC_001 -->
  <testcase name="TC_005" classname="com.selenium.test.functional.DatePickerUC">
    <skipped/>
  </testcase> <!-- TC_005 -->
</testsuite> <!-- com.selenium.test.functional.DatePickerUC -->
