<?xml version="1.0" encoding="UTF-8"?>
<!-- Generated by org.testng.reporters.JUnitReportReporter -->
<testsuite skipped="1" hostname="DT-AKASHM" name="com.selenium.test.functional.DatePickerUC" tests="5" failures="0" timestamp="11 Aug 2017 11:21:36 GMT" time="8.529" errors="0">
  <testcase name="TC_001" time="0.071" classname="com.selenium.test.functional.DatePickerUC"/>
  <testcase name="TC_002" time="0.277" classname="com.selenium.test.functional.DatePickerUC"/>
  <testcase name="TC_003" time="0.220" classname="com.selenium.test.functional.DatePickerUC"/>
  <testcase name="TC_004" time="7.961" classname="com.selenium.test.functional.DatePickerUC"/>
  <testcase name="TC_005" classname="com.selenium.test.functional.DatePickerUC">
    <skipped/>
  </testcase> <!-- TC_005 -->
</testsuite> <!-- com.selenium.test.functional.DatePickerUC -->
