<?xml version="1.0" encoding="UTF-8"?>
<!-- Generated by org.testng.reporters.JUnitReportReporter -->
<testsuite skipped="0" hostname="DT-AKASHM" name="com.selenium.test.functional.DatePickerUC" tests="4" failures="0" timestamp="28 Jul 2017 13:00:51 GMT" time="8.371" errors="0">
  <testcase name="TC_001" time="0.072" classname="com.selenium.test.functional.DatePickerUC"/>
  <testcase name="TC_002" time="0.590" classname="com.selenium.test.functional.DatePickerUC"/>
  <testcase name="TC_003" time="0.128" classname="com.selenium.test.functional.DatePickerUC"/>
  <testcase name="TC_004" time="7.581" classname="com.selenium.test.functional.DatePickerUC"/>
</testsuite> <!-- com.selenium.test.functional.DatePickerUC -->
