<?xml version="1.0" encoding="UTF-8"?>
<!-- Generated by org.testng.reporters.JUnitReportReporter -->
<testsuite skipped="2" hostname="DT-AKASHM" name="com.selenium.test.functional.DatePickerUC" tests="5" failures="0" timestamp="21 Sep 2017 14:49:29 GMT" time="8.575" errors="0">
  <testcase name="TC_002" time="0.425" classname="com.selenium.test.functional.DatePickerUC"/>
  <testcase name="TC_003" time="0.177" classname="com.selenium.test.functional.DatePickerUC"/>
  <testcase name="TC_004" time="7.973" classname="com.selenium.test.functional.DatePickerUC"/>
  <testcase name="TC_001" classname="com.selenium.test.functional.DatePickerUC">
    <skipped/>
  </testcase> <!-- TC_001 -->
  <testcase name="TC_005" classname="com.selenium.test.functional.DatePickerUC">
    <skipped/>
  </testcase> <!-- TC_005 -->
</testsuite> <!-- com.selenium.test.functional.DatePickerUC -->
