<?xml version="1.0" encoding="UTF-8"?>
<!-- Generated by org.testng.reporters.JUnitReportReporter -->
<testsuite skipped="1" hostname="DT-AKASHM" name="com.selenium.test.functional.DatePickerUC" tests="4" failures="0" timestamp="01 Aug 2017 13:27:01 GMT" time="8.944" errors="0">
  <testcase name="TC_001" time="0.048" classname="com.selenium.test.functional.DatePickerUC"/>
  <testcase name="TC_002" time="0.226" classname="com.selenium.test.functional.DatePickerUC"/>
  <testcase name="TC_003" time="0.180" classname="com.selenium.test.functional.DatePickerUC"/>
  <testcase name="TC_004" time="8.490" classname="com.selenium.test.functional.DatePickerUC">
    <skipped/>
  </testcase> <!-- TC_004 -->
</testsuite> <!-- com.selenium.test.functional.DatePickerUC -->
