<?xml version="1.0" encoding="UTF-8"?>
<!-- Generated by org.testng.reporters.JUnitReportReporter -->
<testsuite skipped="0" hostname="AKASH-PC" name="com.selenium.test.smoke.LaunchBrowserTest" tests="1" failures="0" timestamp="23 Jul 2017 03:56:28 GMT" time="8.702" errors="0">
  <testcase name="launchBrowser" time="8.702" classname="com.selenium.test.smoke.LaunchBrowserTest"/>
</testsuite> <!-- com.selenium.test.smoke.LaunchBrowserTest -->
